This file contains any messages produced by compilers while
running configure, to aid debugging if configure makes a mistake.

It was created by openvswitch configure 1.9.0, which was
generated by GNU Autoconf 2.68.  Invocation command line was

  $ ./configure CC=/usr/bin/gcc CXX=/usr/bin/g++ CFLAGS=-g3 -gdwarf-2 CXXFLAGS=-g3 -gdwarf-2

## --------- ##
## Platform. ##
## --------- ##

hostname = alessandra
uname -m = i686
uname -r = 3.5.0-39-generic
uname -s = Linux
uname -v = #60~precise1-Ubuntu SMP Wed Aug 14 15:28:09 UTC 2013

/usr/bin/uname -p = unknown
/bin/uname -X     = unknown

/bin/arch              = unknown
/usr/bin/arch -k       = unknown
/usr/convex/getsysinfo = unknown
/usr/bin/hostinfo      = unknown
/bin/machine           = unknown
/usr/bin/oslevel       = unknown
/bin/universe          = unknown

PATH: /usr/bin
PATH: /bin
PATH: /usr/bin
PATH: /usr/lib/lightdm/lightdm
PATH: /usr/local/sbin
PATH: /usr/local/bin
PATH: /usr/sbin
PATH: /usr/bin
PATH: /sbin
PATH: /bin
PATH: /usr/games


## ----------- ##
## Core tests. ##
## ----------- ##

configure:2336: checking for a BSD-compatible install
configure:2404: result: /usr/bin/install -c
configure:2415: checking whether build environment is sane
configure:2465: result: yes
configure:2606: checking for a thread-safe mkdir -p
configure:2645: result: /bin/mkdir -p
configure:2658: checking for gawk
configure:2674: found /usr/bin/gawk
configure:2685: result: gawk
configure:2696: checking whether make sets $(MAKE)
configure:2718: result: yes
configure:2847: checking for gcc
configure:2874: result: /usr/bin/gcc
configure:3103: checking for C compiler version
configure:3112: /usr/bin/gcc --version >&5
gcc (Ubuntu/Linaro 4.6.3-1ubuntu5) 4.6.3
Copyright (C) 2011 Free Software Foundation, Inc.
This is free software; see the source for copying conditions.  There is NO
warranty; not even for MERCHANTABILITY or FITNESS FOR A PARTICULAR PURPOSE.

configure:3123: $? = 0
configure:3112: /usr/bin/gcc -v >&5
Using built-in specs.
COLLECT_GCC=/usr/bin/gcc
COLLECT_LTO_WRAPPER=/usr/lib/gcc/i686-linux-gnu/4.6/lto-wrapper
Target: i686-linux-gnu
Configured with: ../src/configure -v --with-pkgversion='Ubuntu/Linaro 4.6.3-1ubuntu5' --with-bugurl=file:///usr/share/doc/gcc-4.6/README.Bugs --enable-languages=c,c++,fortran,objc,obj-c++ --prefix=/usr --program-suffix=-4.6 --enable-shared --enable-linker-build-id --with-system-zlib --libexecdir=/usr/lib --without-included-gettext --enable-threads=posix --with-gxx-include-dir=/usr/include/c++/4.6 --libdir=/usr/lib --enable-nls --with-sysroot=/ --enable-clocale=gnu --enable-libstdcxx-debug --enable-libstdcxx-time=yes --enable-gnu-unique-object --enable-plugin --enable-objc-gc --enable-targets=all --disable-werror --with-arch-32=i686 --with-tune=generic --enable-checking=release --build=i686-linux-gnu --host=i686-linux-gnu --target=i686-linux-gnu
Thread model: posix
gcc version 4.6.3 (Ubuntu/Linaro 4.6.3-1ubuntu5) 
configure:3123: $? = 0
configure:3112: /usr/bin/gcc -V >&5
gcc: error: unrecognized option '-V'
gcc: fatal error: no input files
compilation terminated.
configure:3123: $? = 4
configure:3112: /usr/bin/gcc -qversion >&5
gcc: error: unrecognized option '-qversion'
gcc: fatal error: no input files
compilation terminated.
configure:3123: $? = 4
configure:3143: checking whether the C compiler works
configure:3165: /usr/bin/gcc -g3 -gdwarf-2   conftest.c  >&5
configure:3169: $? = 0
configure:3217: result: yes
configure:3220: checking for C compiler default output file name
configure:3222: result: a.out
configure:3228: checking for suffix of executables
configure:3235: /usr/bin/gcc -o conftest -g3 -gdwarf-2   conftest.c  >&5
configure:3239: $? = 0
configure:3261: result: 
configure:3283: checking whether we are cross compiling
configure:3291: /usr/bin/gcc -o conftest -g3 -gdwarf-2   conftest.c  >&5
configure:3295: $? = 0
configure:3302: ./conftest
configure:3306: $? = 0
configure:3321: result: no
configure:3326: checking for suffix of object files
configure:3348: /usr/bin/gcc -c -g3 -gdwarf-2  conftest.c >&5
configure:3352: $? = 0
configure:3373: result: o
configure:3377: checking whether we are using the GNU C compiler
configure:3396: /usr/bin/gcc -c -g3 -gdwarf-2  conftest.c >&5
configure:3396: $? = 0
configure:3405: result: yes
configure:3414: checking whether /usr/bin/gcc accepts -g
configure:3434: /usr/bin/gcc -c -g  conftest.c >&5
configure:3434: $? = 0
configure:3475: result: yes
configure:3492: checking for /usr/bin/gcc option to accept ISO C89
configure:3556: /usr/bin/gcc  -c -g3 -gdwarf-2  conftest.c >&5
configure:3556: $? = 0
configure:3569: result: none needed
configure:3600: checking for style of include used by make
configure:3628: result: GNU
configure:3653: checking dependency style of /usr/bin/gcc
configure:3763: result: gcc3
configure:3779: checking whether /usr/bin/gcc and cc understand -c and -o together
configure:3810: /usr/bin/gcc -c conftest.c -o conftest2.o >&5
configure:3814: $? = 0
configure:3820: /usr/bin/gcc -c conftest.c -o conftest2.o >&5
configure:3824: $? = 0
configure:3835: cc -c conftest.c >&5
configure:3839: $? = 0
configure:3847: cc -c conftest.c -o conftest2.o >&5
configure:3851: $? = 0
configure:3857: cc -c conftest.c -o conftest2.o >&5
configure:3861: $? = 0
configure:3879: result: yes
configure:3909: checking how to run the C preprocessor
configure:3940: /usr/bin/gcc -E  conftest.c
configure:3940: $? = 0
configure:3954: /usr/bin/gcc -E  conftest.c
conftest.c:11:28: fatal error: ac_nonexistent.h: No such file or directory
compilation terminated.
configure:3954: $? = 1
configure: failed program was:
| /* confdefs.h */
| #define PACKAGE_NAME "openvswitch"
| #define PACKAGE_TARNAME "openvswitch"
| #define PACKAGE_VERSION "1.9.0"
| #define PACKAGE_STRING "openvswitch 1.9.0"
| #define PACKAGE_BUGREPORT "ovs-bugs@openvswitch.org"
| #define PACKAGE_URL ""
| #define PACKAGE "openvswitch"
| #define VERSION "1.9.0"
| /* end confdefs.h.  */
| #include <ac_nonexistent.h>
configure:3979: result: /usr/bin/gcc -E
configure:3999: /usr/bin/gcc -E  conftest.c
configure:3999: $? = 0
configure:4013: /usr/bin/gcc -E  conftest.c
conftest.c:11:28: fatal error: ac_nonexistent.h: No such file or directory
compilation terminated.
configure:4013: $? = 1
configure: failed program was:
| /* confdefs.h */
| #define PACKAGE_NAME "openvswitch"
| #define PACKAGE_TARNAME "openvswitch"
| #define PACKAGE_VERSION "1.9.0"
| #define PACKAGE_STRING "openvswitch 1.9.0"
| #define PACKAGE_BUGREPORT "ovs-bugs@openvswitch.org"
| #define PACKAGE_URL ""
| #define PACKAGE "openvswitch"
| #define VERSION "1.9.0"
| /* end confdefs.h.  */
| #include <ac_nonexistent.h>
configure:4084: checking for ranlib
configure:4100: found /usr/bin/ranlib
configure:4111: result: ranlib
configure:4134: checking for grep that handles long lines and -e
configure:4192: result: /bin/grep
configure:4197: checking for fgrep
configure:4259: result: /bin/grep -F
configure:4268: checking for perl
configure:4286: found /usr/bin/perl
configure:4299: result: /usr/bin/perl
configure:4317: checking for egrep
configure:4379: result: /bin/grep -E
configure:4384: checking for ANSI C header files
configure:4404: /usr/bin/gcc -c -g3 -gdwarf-2  conftest.c >&5
configure:4404: $? = 0
configure:4477: /usr/bin/gcc -o conftest -g3 -gdwarf-2   conftest.c  >&5
configure:4477: $? = 0
configure:4477: ./conftest
configure:4477: $? = 0
configure:4488: result: yes
configure:4501: checking for sys/types.h
configure:4501: /usr/bin/gcc -c -g3 -gdwarf-2  conftest.c >&5
configure:4501: $? = 0
configure:4501: result: yes
configure:4501: checking for sys/stat.h
configure:4501: /usr/bin/gcc -c -g3 -gdwarf-2  conftest.c >&5
configure:4501: $? = 0
configure:4501: result: yes
configure:4501: checking for stdlib.h
configure:4501: /usr/bin/gcc -c -g3 -gdwarf-2  conftest.c >&5
configure:4501: $? = 0
configure:4501: result: yes
configure:4501: checking for string.h
configure:4501: /usr/bin/gcc -c -g3 -gdwarf-2  conftest.c >&5
configure:4501: $? = 0
configure:4501: result: yes
configure:4501: checking for memory.h
configure:4501: /usr/bin/gcc -c -g3 -gdwarf-2  conftest.c >&5
configure:4501: $? = 0
configure:4501: result: yes
configure:4501: checking for strings.h
configure:4501: /usr/bin/gcc -c -g3 -gdwarf-2  conftest.c >&5
configure:4501: $? = 0
configure:4501: result: yes
configure:4501: checking for inttypes.h
configure:4501: /usr/bin/gcc -c -g3 -gdwarf-2  conftest.c >&5
configure:4501: $? = 0
configure:4501: result: yes
configure:4501: checking for stdint.h
configure:4501: /usr/bin/gcc -c -g3 -gdwarf-2  conftest.c >&5
configure:4501: $? = 0
configure:4501: result: yes
configure:4501: checking for unistd.h
configure:4501: /usr/bin/gcc -c -g3 -gdwarf-2  conftest.c >&5
configure:4501: $? = 0
configure:4501: result: yes
configure:4514: checking minix/config.h usability
configure:4514: /usr/bin/gcc -c -g3 -gdwarf-2  conftest.c >&5
conftest.c:54:26: fatal error: minix/config.h: No such file or directory
compilation terminated.
configure:4514: $? = 1
configure: failed program was:
| /* confdefs.h */
| #define PACKAGE_NAME "openvswitch"
| #define PACKAGE_TARNAME "openvswitch"
| #define PACKAGE_VERSION "1.9.0"
| #define PACKAGE_STRING "openvswitch 1.9.0"
| #define PACKAGE_BUGREPORT "ovs-bugs@openvswitch.org"
| #define PACKAGE_URL ""
| #define PACKAGE "openvswitch"
| #define VERSION "1.9.0"
| #define STDC_HEADERS 1
| #define HAVE_SYS_TYPES_H 1
| #define HAVE_SYS_STAT_H 1
| #define HAVE_STDLIB_H 1
| #define HAVE_STRING_H 1
| #define HAVE_MEMORY_H 1
| #define HAVE_STRINGS_H 1
| #define HAVE_INTTYPES_H 1
| #define HAVE_STDINT_H 1
| #define HAVE_UNISTD_H 1
| /* end confdefs.h.  */
| #include <stdio.h>
| #ifdef HAVE_SYS_TYPES_H
| # include <sys/types.h>
| #endif
| #ifdef HAVE_SYS_STAT_H
| # include <sys/stat.h>
| #endif
| #ifdef STDC_HEADERS
| # include <stdlib.h>
| # include <stddef.h>
| #else
| # ifdef HAVE_STDLIB_H
| #  include <stdlib.h>
| # endif
| #endif
| #ifdef HAVE_STRING_H
| # if !defined STDC_HEADERS && defined HAVE_MEMORY_H
| #  include <memory.h>
| # endif
| # include <string.h>
| #endif
| #ifdef HAVE_STRINGS_H
| # include <strings.h>
| #endif
| #ifdef HAVE_INTTYPES_H
| # include <inttypes.h>
| #endif
| #ifdef HAVE_STDINT_H
| # include <stdint.h>
| #endif
| #ifdef HAVE_UNISTD_H
| # include <unistd.h>
| #endif
| #include <minix/config.h>
configure:4514: result: no
configure:4514: checking minix/config.h presence
configure:4514: /usr/bin/gcc -E  conftest.c
conftest.c:21:26: fatal error: minix/config.h: No such file or directory
compilation terminated.
configure:4514: $? = 1
configure: failed program was:
| /* confdefs.h */
| #define PACKAGE_NAME "openvswitch"
| #define PACKAGE_TARNAME "openvswitch"
| #define PACKAGE_VERSION "1.9.0"
| #define PACKAGE_STRING "openvswitch 1.9.0"
| #define PACKAGE_BUGREPORT "ovs-bugs@openvswitch.org"
| #define PACKAGE_URL ""
| #define PACKAGE "openvswitch"
| #define VERSION "1.9.0"
| #define STDC_HEADERS 1
| #define HAVE_SYS_TYPES_H 1
| #define HAVE_SYS_STAT_H 1
| #define HAVE_STDLIB_H 1
| #define HAVE_STRING_H 1
| #define HAVE_MEMORY_H 1
| #define HAVE_STRINGS_H 1
| #define HAVE_INTTYPES_H 1
| #define HAVE_STDINT_H 1
| #define HAVE_UNISTD_H 1
| /* end confdefs.h.  */
| #include <minix/config.h>
configure:4514: result: no
configure:4514: checking for minix/config.h
configure:4514: result: no
configure:4535: checking whether it is safe to define __EXTENSIONS__
configure:4553: /usr/bin/gcc -c -g3 -gdwarf-2  conftest.c >&5
configure:4553: $? = 0
configure:4560: result: yes
configure:4574: checking whether byte ordering is bigendian
configure:4589: /usr/bin/gcc -c -g3 -gdwarf-2  conftest.c >&5
conftest.c:27:9: error: unknown type name 'not'
conftest.c:27:15: error: expected '=', ',', ';', 'asm' or '__attribute__' before 'universal'
conftest.c:27:15: error: unknown type name 'universal'
configure:4589: $? = 1
configure: failed program was:
| /* confdefs.h */
| #define PACKAGE_NAME "openvswitch"
| #define PACKAGE_TARNAME "openvswitch"
| #define PACKAGE_VERSION "1.9.0"
| #define PACKAGE_STRING "openvswitch 1.9.0"
| #define PACKAGE_BUGREPORT "ovs-bugs@openvswitch.org"
| #define PACKAGE_URL ""
| #define PACKAGE "openvswitch"
| #define VERSION "1.9.0"
| #define STDC_HEADERS 1
| #define HAVE_SYS_TYPES_H 1
| #define HAVE_SYS_STAT_H 1
| #define HAVE_STDLIB_H 1
| #define HAVE_STRING_H 1
| #define HAVE_MEMORY_H 1
| #define HAVE_STRINGS_H 1
| #define HAVE_INTTYPES_H 1
| #define HAVE_STDINT_H 1
| #define HAVE_UNISTD_H 1
| #define __EXTENSIONS__ 1
| #define _ALL_SOURCE 1
| #define _GNU_SOURCE 1
| #define _POSIX_PTHREAD_SEMANTICS 1
| #define _TANDEM_SOURCE 1
| /* end confdefs.h.  */
| #ifndef __APPLE_CC__
| 	       not a universal capable compiler
| 	     #endif
| 	     typedef int dummy;
| 
configure:4634: /usr/bin/gcc -c -g3 -gdwarf-2  conftest.c >&5
configure:4634: $? = 0
configure:4652: /usr/bin/gcc -c -g3 -gdwarf-2  conftest.c >&5
conftest.c: In function 'main':
conftest.c:33:4: error: unknown type name 'not'
conftest.c:33:12: error: expected '=', ',', ';', 'asm' or '__attribute__' before 'endian'
configure:4652: $? = 1
configure: failed program was:
| /* confdefs.h */
| #define PACKAGE_NAME "openvswitch"
| #define PACKAGE_TARNAME "openvswitch"
| #define PACKAGE_VERSION "1.9.0"
| #define PACKAGE_STRING "openvswitch 1.9.0"
| #define PACKAGE_BUGREPORT "ovs-bugs@openvswitch.org"
| #define PACKAGE_URL ""
| #define PACKAGE "openvswitch"
| #define VERSION "1.9.0"
| #define STDC_HEADERS 1
| #define HAVE_SYS_TYPES_H 1
| #define HAVE_SYS_STAT_H 1
| #define HAVE_STDLIB_H 1
| #define HAVE_STRING_H 1
| #define HAVE_MEMORY_H 1
| #define HAVE_STRINGS_H 1
| #define HAVE_INTTYPES_H 1
| #define HAVE_STDINT_H 1
| #define HAVE_UNISTD_H 1
| #define __EXTENSIONS__ 1
| #define _ALL_SOURCE 1
| #define _GNU_SOURCE 1
| #define _POSIX_PTHREAD_SEMANTICS 1
| #define _TANDEM_SOURCE 1
| /* end confdefs.h.  */
| #include <sys/types.h>
| 		#include <sys/param.h>
| 
| int
| main ()
| {
| #if BYTE_ORDER != BIG_ENDIAN
| 		 not big endian
| 		#endif
| 
|   ;
|   return 0;
| }
configure:4780: result: no
configure:4805: checking for special C compiler options needed for large files
configure:4850: result: no
configure:4856: checking for _FILE_OFFSET_BITS value needed for large files
configure:4881: /usr/bin/gcc -c -g3 -gdwarf-2  conftest.c >&5
conftest.c:32:3: warning: left shift count >= width of type [enabled by default]
conftest.c:32:3: warning: left shift count >= width of type [enabled by default]
conftest.c:33:10: warning: left shift count >= width of type [enabled by default]
conftest.c:33:10: warning: left shift count >= width of type [enabled by default]
conftest.c:32:7: error: size of array 'off_t_is_large' is negative
conftest.c:34:9: warning: variably modified 'off_t_is_large' at file scope [enabled by default]
configure:4881: $? = 1
configure: failed program was:
| /* confdefs.h */
| #define PACKAGE_NAME "openvswitch"
| #define PACKAGE_TARNAME "openvswitch"
| #define PACKAGE_VERSION "1.9.0"
| #define PACKAGE_STRING "openvswitch 1.9.0"
| #define PACKAGE_BUGREPORT "ovs-bugs@openvswitch.org"
| #define PACKAGE_URL ""
| #define PACKAGE "openvswitch"
| #define VERSION "1.9.0"
| #define STDC_HEADERS 1
| #define HAVE_SYS_TYPES_H 1
| #define HAVE_SYS_STAT_H 1
| #define HAVE_STDLIB_H 1
| #define HAVE_STRING_H 1
| #define HAVE_MEMORY_H 1
| #define HAVE_STRINGS_H 1
| #define HAVE_INTTYPES_H 1
| #define HAVE_STDINT_H 1
| #define HAVE_UNISTD_H 1
| #define __EXTENSIONS__ 1
| #define _ALL_SOURCE 1
| #define _GNU_SOURCE 1
| #define _POSIX_PTHREAD_SEMANTICS 1
| #define _TANDEM_SOURCE 1
| /* end confdefs.h.  */
| #include <sys/types.h>
|  /* Check that off_t can represent 2**63 - 1 correctly.
|     We can't simply define LARGE_OFF_T to be 9223372036854775807,
|     since some C++ compilers masquerading as C compilers
|     incorrectly reject 9223372036854775807.  */
| #define LARGE_OFF_T (((off_t) 1 << 62) - 1 + ((off_t) 1 << 62))
|   int off_t_is_large[(LARGE_OFF_T % 2147483629 == 721
| 		       && LARGE_OFF_T % 2147483647 == 1)
| 		      ? 1 : -1];
| int
| main ()
| {
| 
|   ;
|   return 0;
| }
configure:4905: /usr/bin/gcc -c -g3 -gdwarf-2  conftest.c >&5
configure:4905: $? = 0
configure:4913: result: 64
configure:4997: checking for library containing pow
configure:5028: /usr/bin/gcc -o conftest -g3 -gdwarf-2   conftest.c  >&5
conftest.c:34:6: warning: conflicting types for built-in function 'pow' [enabled by default]
/tmp/cc9qeli4.o: In function `main':
/home/alessandra/NetBeansProjects/openvswitch-1.9.0/conftest.c:38: undefined reference to `pow'
collect2: ld returned 1 exit status
configure:5028: $? = 1
configure: failed program was:
| /* confdefs.h */
| #define PACKAGE_NAME "openvswitch"
| #define PACKAGE_TARNAME "openvswitch"
| #define PACKAGE_VERSION "1.9.0"
| #define PACKAGE_STRING "openvswitch 1.9.0"
| #define PACKAGE_BUGREPORT "ovs-bugs@openvswitch.org"
| #define PACKAGE_URL ""
| #define PACKAGE "openvswitch"
| #define VERSION "1.9.0"
| #define STDC_HEADERS 1
| #define HAVE_SYS_TYPES_H 1
| #define HAVE_SYS_STAT_H 1
| #define HAVE_STDLIB_H 1
| #define HAVE_STRING_H 1
| #define HAVE_MEMORY_H 1
| #define HAVE_STRINGS_H 1
| #define HAVE_INTTYPES_H 1
| #define HAVE_STDINT_H 1
| #define HAVE_UNISTD_H 1
| #define __EXTENSIONS__ 1
| #define _ALL_SOURCE 1
| #define _GNU_SOURCE 1
| #define _POSIX_PTHREAD_SEMANTICS 1
| #define _TANDEM_SOURCE 1
| #define _FILE_OFFSET_BITS 64
| /* end confdefs.h.  */
| 
| /* Override any GCC internal prototype to avoid an error.
|    Use char because int might match the return type of a GCC
|    builtin and then its argument prototype would still apply.  */
| #ifdef __cplusplus
| extern "C"
| #endif
| char pow ();
| int
| main ()
| {
| return pow ();
|   ;
|   return 0;
| }
configure:5028: /usr/bin/gcc -o conftest -g3 -gdwarf-2   conftest.c -lm   >&5
conftest.c:34:6: warning: conflicting types for built-in function 'pow' [enabled by default]
configure:5028: $? = 0
configure:5045: result: -lm
configure:5053: checking for library containing clock_gettime
configure:5084: /usr/bin/gcc -o conftest -g3 -gdwarf-2   conftest.c -lm  >&5
/tmp/ccFQOMdc.o: In function `main':
/home/alessandra/NetBeansProjects/openvswitch-1.9.0/conftest.c:38: undefined reference to `clock_gettime'
collect2: ld returned 1 exit status
configure:5084: $? = 1
configure: failed program was:
| /* confdefs.h */
| #define PACKAGE_NAME "openvswitch"
| #define PACKAGE_TARNAME "openvswitch"
| #define PACKAGE_VERSION "1.9.0"
| #define PACKAGE_STRING "openvswitch 1.9.0"
| #define PACKAGE_BUGREPORT "ovs-bugs@openvswitch.org"
| #define PACKAGE_URL ""
| #define PACKAGE "openvswitch"
| #define VERSION "1.9.0"
| #define STDC_HEADERS 1
| #define HAVE_SYS_TYPES_H 1
| #define HAVE_SYS_STAT_H 1
| #define HAVE_STDLIB_H 1
| #define HAVE_STRING_H 1
| #define HAVE_MEMORY_H 1
| #define HAVE_STRINGS_H 1
| #define HAVE_INTTYPES_H 1
| #define HAVE_STDINT_H 1
| #define HAVE_UNISTD_H 1
| #define __EXTENSIONS__ 1
| #define _ALL_SOURCE 1
| #define _GNU_SOURCE 1
| #define _POSIX_PTHREAD_SEMANTICS 1
| #define _TANDEM_SOURCE 1
| #define _FILE_OFFSET_BITS 64
| /* end confdefs.h.  */
| 
| /* Override any GCC internal prototype to avoid an error.
|    Use char because int might match the return type of a GCC
|    builtin and then its argument prototype would still apply.  */
| #ifdef __cplusplus
| extern "C"
| #endif
| char clock_gettime ();
| int
| main ()
| {
| return clock_gettime ();
|   ;
|   return 0;
| }
configure:5084: /usr/bin/gcc -o conftest -g3 -gdwarf-2   conftest.c -lrt  -lm  >&5
configure:5084: $? = 0
configure:5101: result: -lrt
configure:5109: checking for library containing timer_create
configure:5140: /usr/bin/gcc -o conftest -g3 -gdwarf-2   conftest.c -lrt -lm  >&5
configure:5140: $? = 0
configure:5157: result: none required
configure:5165: checking for library containing pcap_open_live
configure:5196: /usr/bin/gcc -o conftest -g3 -gdwarf-2   conftest.c -lrt -lm  >&5
/tmp/ccovbZSq.o: In function `main':
/home/alessandra/NetBeansProjects/openvswitch-1.9.0/conftest.c:38: undefined reference to `pcap_open_live'
collect2: ld returned 1 exit status
configure:5196: $? = 1
configure: failed program was:
| /* confdefs.h */
| #define PACKAGE_NAME "openvswitch"
| #define PACKAGE_TARNAME "openvswitch"
| #define PACKAGE_VERSION "1.9.0"
| #define PACKAGE_STRING "openvswitch 1.9.0"
| #define PACKAGE_BUGREPORT "ovs-bugs@openvswitch.org"
| #define PACKAGE_URL ""
| #define PACKAGE "openvswitch"
| #define VERSION "1.9.0"
| #define STDC_HEADERS 1
| #define HAVE_SYS_TYPES_H 1
| #define HAVE_SYS_STAT_H 1
| #define HAVE_STDLIB_H 1
| #define HAVE_STRING_H 1
| #define HAVE_MEMORY_H 1
| #define HAVE_STRINGS_H 1
| #define HAVE_INTTYPES_H 1
| #define HAVE_STDINT_H 1
| #define HAVE_UNISTD_H 1
| #define __EXTENSIONS__ 1
| #define _ALL_SOURCE 1
| #define _GNU_SOURCE 1
| #define _POSIX_PTHREAD_SEMANTICS 1
| #define _TANDEM_SOURCE 1
| #define _FILE_OFFSET_BITS 64
| /* end confdefs.h.  */
| 
| /* Override any GCC internal prototype to avoid an error.
|    Use char because int might match the return type of a GCC
|    builtin and then its argument prototype would still apply.  */
| #ifdef __cplusplus
| extern "C"
| #endif
| char pcap_open_live ();
| int
| main ()
| {
| return pcap_open_live ();
|   ;
|   return 0;
| }
configure:5196: /usr/bin/gcc -o conftest -g3 -gdwarf-2   conftest.c -lpcap  -lrt -lm  >&5
/usr/bin/ld: cannot find -lpcap
collect2: ld returned 1 exit status
configure:5196: $? = 1
configure: failed program was:
| /* confdefs.h */
| #define PACKAGE_NAME "openvswitch"
| #define PACKAGE_TARNAME "openvswitch"
| #define PACKAGE_VERSION "1.9.0"
| #define PACKAGE_STRING "openvswitch 1.9.0"
| #define PACKAGE_BUGREPORT "ovs-bugs@openvswitch.org"
| #define PACKAGE_URL ""
| #define PACKAGE "openvswitch"
| #define VERSION "1.9.0"
| #define STDC_HEADERS 1
| #define HAVE_SYS_TYPES_H 1
| #define HAVE_SYS_STAT_H 1
| #define HAVE_STDLIB_H 1
| #define HAVE_STRING_H 1
| #define HAVE_MEMORY_H 1
| #define HAVE_STRINGS_H 1
| #define HAVE_INTTYPES_H 1
| #define HAVE_STDINT_H 1
| #define HAVE_UNISTD_H 1
| #define __EXTENSIONS__ 1
| #define _ALL_SOURCE 1
| #define _GNU_SOURCE 1
| #define _POSIX_PTHREAD_SEMANTICS 1
| #define _TANDEM_SOURCE 1
| #define _FILE_OFFSET_BITS 64
| /* end confdefs.h.  */
| 
| /* Override any GCC internal prototype to avoid an error.
|    Use char because int might match the return type of a GCC
|    builtin and then its argument prototype would still apply.  */
| #ifdef __cplusplus
| extern "C"
| #endif
| char pcap_open_live ();
| int
| main ()
| {
| return pcap_open_live ();
|   ;
|   return 0;
| }
configure:5213: result: no
configure:5222: checking vmware.h usability
configure:5222: /usr/bin/gcc -c -g3 -gdwarf-2  conftest.c >&5
conftest.c:60:20: fatal error: vmware.h: No such file or directory
compilation terminated.
configure:5222: $? = 1
configure: failed program was:
| /* confdefs.h */
| #define PACKAGE_NAME "openvswitch"
| #define PACKAGE_TARNAME "openvswitch"
| #define PACKAGE_VERSION "1.9.0"
| #define PACKAGE_STRING "openvswitch 1.9.0"
| #define PACKAGE_BUGREPORT "ovs-bugs@openvswitch.org"
| #define PACKAGE_URL ""
| #define PACKAGE "openvswitch"
| #define VERSION "1.9.0"
| #define STDC_HEADERS 1
| #define HAVE_SYS_TYPES_H 1
| #define HAVE_SYS_STAT_H 1
| #define HAVE_STDLIB_H 1
| #define HAVE_STRING_H 1
| #define HAVE_MEMORY_H 1
| #define HAVE_STRINGS_H 1
| #define HAVE_INTTYPES_H 1
| #define HAVE_STDINT_H 1
| #define HAVE_UNISTD_H 1
| #define __EXTENSIONS__ 1
| #define _ALL_SOURCE 1
| #define _GNU_SOURCE 1
| #define _POSIX_PTHREAD_SEMANTICS 1
| #define _TANDEM_SOURCE 1
| #define _FILE_OFFSET_BITS 64
| /* end confdefs.h.  */
| #include <stdio.h>
| #ifdef HAVE_SYS_TYPES_H
| # include <sys/types.h>
| #endif
| #ifdef HAVE_SYS_STAT_H
| # include <sys/stat.h>
| #endif
| #ifdef STDC_HEADERS
| # include <stdlib.h>
| # include <stddef.h>
| #else
| # ifdef HAVE_STDLIB_H
| #  include <stdlib.h>
| # endif
| #endif
| #ifdef HAVE_STRING_H
| # if !defined STDC_HEADERS && defined HAVE_MEMORY_H
| #  include <memory.h>
| # endif
| # include <string.h>
| #endif
| #ifdef HAVE_STRINGS_H
| # include <strings.h>
| #endif
| #ifdef HAVE_INTTYPES_H
| # include <inttypes.h>
| #endif
| #ifdef HAVE_STDINT_H
| # include <stdint.h>
| #endif
| #ifdef HAVE_UNISTD_H
| # include <unistd.h>
| #endif
| #include <vmware.h>
configure:5222: result: no
configure:5222: checking vmware.h presence
configure:5222: /usr/bin/gcc -E  conftest.c
conftest.c:27:20: fatal error: vmware.h: No such file or directory
compilation terminated.
configure:5222: $? = 1
configure: failed program was:
| /* confdefs.h */
| #define PACKAGE_NAME "openvswitch"
| #define PACKAGE_TARNAME "openvswitch"
| #define PACKAGE_VERSION "1.9.0"
| #define PACKAGE_STRING "openvswitch 1.9.0"
| #define PACKAGE_BUGREPORT "ovs-bugs@openvswitch.org"
| #define PACKAGE_URL ""
| #define PACKAGE "openvswitch"
| #define VERSION "1.9.0"
| #define STDC_HEADERS 1
| #define HAVE_SYS_TYPES_H 1
| #define HAVE_SYS_STAT_H 1
| #define HAVE_STDLIB_H 1
| #define HAVE_STRING_H 1
| #define HAVE_MEMORY_H 1
| #define HAVE_STRINGS_H 1
| #define HAVE_INTTYPES_H 1
| #define HAVE_STDINT_H 1
| #define HAVE_UNISTD_H 1
| #define __EXTENSIONS__ 1
| #define _ALL_SOURCE 1
| #define _GNU_SOURCE 1
| #define _POSIX_PTHREAD_SEMANTICS 1
| #define _TANDEM_SOURCE 1
| #define _FILE_OFFSET_BITS 64
| /* end confdefs.h.  */
| #include <vmware.h>
configure:5222: result: no
configure:5222: checking for vmware.h
configure:5222: result: no
configure:5278: checking for linux/netlink.h
configure:5278: /usr/bin/gcc -c -g3 -gdwarf-2  conftest.c >&5
configure:5278: $? = 0
configure:5278: result: yes
configure:5356: checking for pkg-config
configure:5374: found /usr/bin/pkg-config
configure:5386: result: /usr/bin/pkg-config
configure:5411: checking pkg-config is at least version 0.9.0
configure:5414: result: yes
configure:5438: checking for SSL
configure:5445: $PKG_CONFIG --exists --print-errors "openssl"
Package openssl was not found in the pkg-config search path.
Perhaps you should add the directory containing `openssl.pc'
to the PKG_CONFIG_PATH environment variable
No package 'openssl' found
configure:5448: $? = 1
configure:5462: $PKG_CONFIG --exists --print-errors "openssl"
Package openssl was not found in the pkg-config search path.
Perhaps you should add the directory containing `openssl.pc'
to the PKG_CONFIG_PATH environment variable
No package 'openssl' found
configure:5465: $? = 1
configure:5479: result: no
No package 'openssl' found
configure:5502: WARNING: Cannot find openssl:

No package 'openssl' found

OpenFlow connections over SSL will not be supported.
(You may use --disable-ssl to suppress this warning.)
configure:5565: checking for Python 2.x for x >= 4
configure:5591: result: /usr/bin/python
configure:5611: checking for pyuic4
configure:5622: result: no
configure:5631: checking for PySide.QtCore Python module
running /usr/bin/python -c 'import PySide.QtCore
import sys
sys.exit(0)'...
Traceback (most recent call last):
  File "<string>", line 1, in <module>
ImportError: No module named PySide.QtCore
configure:5648: result: no
configure:5651: checking for PyQt4.QtCore Python module
running /usr/bin/python -c 'import PyQt4.QtCore
import sys
sys.exit(0)'...
Traceback (most recent call last):
  File "<string>", line 1, in <module>
ImportError: No module named PyQt4.QtCore
configure:5668: result: no
configure:5671: checking for twisted.conch.ssh Python module
running /usr/bin/python -c 'import twisted.conch.ssh
import sys
sys.exit(0)'...
Traceback (most recent call last):
  File "<string>", line 1, in <module>
ImportError: No module named conch.ssh
configure:5688: result: no
configure:5691: checking for twisted.internet Python module
running /usr/bin/python -c 'import twisted.internet
import sys
sys.exit(0)'...
configure:5708: result: yes
configure:5711: checking for twisted.application Python module
running /usr/bin/python -c 'import twisted.application
import sys
sys.exit(0)'...
configure:5728: result: yes
configure:5731: checking for json Python module
running /usr/bin/python -c 'import json
import sys
sys.exit(0)'...
configure:5748: result: yes
configure:5751: checking for zope.interface Python module
running /usr/bin/python -c 'import zope.interface
import sys
sys.exit(0)'...
configure:5768: result: yes
configure:5781: checking whether to build ovsdbmonitor
configure:5783: result: no
configure:5793: checking for dot
configure:5804: result: no
configure:5814: checking net/if_packet.h usability
configure:5814: /usr/bin/gcc -c -g3 -gdwarf-2  conftest.c >&5
configure:5814: $? = 0
configure:5814: result: yes
configure:5814: checking net/if_packet.h presence
configure:5814: /usr/bin/gcc -E  conftest.c
configure:5814: $? = 0
configure:5814: result: yes
configure:5814: checking for net/if_packet.h
configure:5814: result: yes
configure:5835: checking net/if_dl.h usability
configure:5835: /usr/bin/gcc -c -g3 -gdwarf-2  conftest.c >&5
conftest.c:62:23: fatal error: net/if_dl.h: No such file or directory
compilation terminated.
configure:5835: $? = 1
configure: failed program was:
| /* confdefs.h */
| #define PACKAGE_NAME "openvswitch"
| #define PACKAGE_TARNAME "openvswitch"
| #define PACKAGE_VERSION "1.9.0"
| #define PACKAGE_STRING "openvswitch 1.9.0"
| #define PACKAGE_BUGREPORT "ovs-bugs@openvswitch.org"
| #define PACKAGE_URL ""
| #define PACKAGE "openvswitch"
| #define VERSION "1.9.0"
| #define STDC_HEADERS 1
| #define HAVE_SYS_TYPES_H 1
| #define HAVE_SYS_STAT_H 1
| #define HAVE_STDLIB_H 1
| #define HAVE_STRING_H 1
| #define HAVE_MEMORY_H 1
| #define HAVE_STRINGS_H 1
| #define HAVE_INTTYPES_H 1
| #define HAVE_STDINT_H 1
| #define HAVE_UNISTD_H 1
| #define __EXTENSIONS__ 1
| #define _ALL_SOURCE 1
| #define _GNU_SOURCE 1
| #define _POSIX_PTHREAD_SEMANTICS 1
| #define _TANDEM_SOURCE 1
| #define _FILE_OFFSET_BITS 64
| #define HAVE_NETLINK 1
| #define HAVE_IF_PACKET 1
| /* end confdefs.h.  */
| #include <stdio.h>
| #ifdef HAVE_SYS_TYPES_H
| # include <sys/types.h>
| #endif
| #ifdef HAVE_SYS_STAT_H
| # include <sys/stat.h>
| #endif
| #ifdef STDC_HEADERS
| # include <stdlib.h>
| # include <stddef.h>
| #else
| # ifdef HAVE_STDLIB_H
| #  include <stdlib.h>
| # endif
| #endif
| #ifdef HAVE_STRING_H
| # if !defined STDC_HEADERS && defined HAVE_MEMORY_H
| #  include <memory.h>
| # endif
| # include <string.h>
| #endif
| #ifdef HAVE_STRINGS_H
| # include <strings.h>
| #endif
| #ifdef HAVE_INTTYPES_H
| # include <inttypes.h>
| #endif
| #ifdef HAVE_STDINT_H
| # include <stdint.h>
| #endif
| #ifdef HAVE_UNISTD_H
| # include <unistd.h>
| #endif
| #include <net/if_dl.h>
configure:5835: result: no
configure:5835: checking net/if_dl.h presence
configure:5835: /usr/bin/gcc -E  conftest.c
conftest.c:29:23: fatal error: net/if_dl.h: No such file or directory
compilation terminated.
configure:5835: $? = 1
configure: failed program was:
| /* confdefs.h */
| #define PACKAGE_NAME "openvswitch"
| #define PACKAGE_TARNAME "openvswitch"
| #define PACKAGE_VERSION "1.9.0"
| #define PACKAGE_STRING "openvswitch 1.9.0"
| #define PACKAGE_BUGREPORT "ovs-bugs@openvswitch.org"
| #define PACKAGE_URL ""
| #define PACKAGE "openvswitch"
| #define VERSION "1.9.0"
| #define STDC_HEADERS 1
| #define HAVE_SYS_TYPES_H 1
| #define HAVE_SYS_STAT_H 1
| #define HAVE_STDLIB_H 1
| #define HAVE_STRING_H 1
| #define HAVE_MEMORY_H 1
| #define HAVE_STRINGS_H 1
| #define HAVE_INTTYPES_H 1
| #define HAVE_STDINT_H 1
| #define HAVE_UNISTD_H 1
| #define __EXTENSIONS__ 1
| #define _ALL_SOURCE 1
| #define _GNU_SOURCE 1
| #define _POSIX_PTHREAD_SEMANTICS 1
| #define _TANDEM_SOURCE 1
| #define _FILE_OFFSET_BITS 64
| #define HAVE_NETLINK 1
| #define HAVE_IF_PACKET 1
| /* end confdefs.h.  */
| #include <net/if_dl.h>
configure:5835: result: no
configure:5835: checking for net/if_dl.h
configure:5835: result: no
configure:5856: checking whether strtok_r macro segfaults on some inputs
configure:5885: /usr/bin/gcc -o conftest -g3 -gdwarf-2   conftest.c -lrt -lm  >&5
configure:5885: $? = 0
configure:5885: ./conftest
configure:5885: $? = 0
configure:5895: result: no
configure:5903: checking for struct stat.st_mtim.tv_nsec
configure:5903: /usr/bin/gcc -c -g3 -gdwarf-2  conftest.c >&5
configure:5903: $? = 0
configure:5903: result: yes
configure:5913: checking for struct stat.st_mtimensec
configure:5913: /usr/bin/gcc -c -g3 -gdwarf-2  conftest.c >&5
conftest.c: In function 'main':
conftest.c:36:12: error: 'struct stat' has no member named 'st_mtimensec'
configure:5913: $? = 1
configure: failed program was:
| /* confdefs.h */
| #define PACKAGE_NAME "openvswitch"
| #define PACKAGE_TARNAME "openvswitch"
| #define PACKAGE_VERSION "1.9.0"
| #define PACKAGE_STRING "openvswitch 1.9.0"
| #define PACKAGE_BUGREPORT "ovs-bugs@openvswitch.org"
| #define PACKAGE_URL ""
| #define PACKAGE "openvswitch"
| #define VERSION "1.9.0"
| #define STDC_HEADERS 1
| #define HAVE_SYS_TYPES_H 1
| #define HAVE_SYS_STAT_H 1
| #define HAVE_STDLIB_H 1
| #define HAVE_STRING_H 1
| #define HAVE_MEMORY_H 1
| #define HAVE_STRINGS_H 1
| #define HAVE_INTTYPES_H 1
| #define HAVE_STDINT_H 1
| #define HAVE_UNISTD_H 1
| #define __EXTENSIONS__ 1
| #define _ALL_SOURCE 1
| #define _GNU_SOURCE 1
| #define _POSIX_PTHREAD_SEMANTICS 1
| #define _TANDEM_SOURCE 1
| #define _FILE_OFFSET_BITS 64
| #define HAVE_NETLINK 1
| #define HAVE_IF_PACKET 1
| #define HAVE_STRUCT_STAT_ST_MTIM_TV_NSEC 1
| /* end confdefs.h.  */
| #include <sys/stat.h>
| 
| int
| main ()
| {
| static struct stat ac_aggr;
| if (ac_aggr.st_mtimensec)
| return 0;
|   ;
|   return 0;
| }
configure:5913: /usr/bin/gcc -c -g3 -gdwarf-2  conftest.c >&5
conftest.c: In function 'main':
conftest.c:36:19: error: 'struct stat' has no member named 'st_mtimensec'
configure:5913: $? = 1
configure: failed program was:
| /* confdefs.h */
| #define PACKAGE_NAME "openvswitch"
| #define PACKAGE_TARNAME "openvswitch"
| #define PACKAGE_VERSION "1.9.0"
| #define PACKAGE_STRING "openvswitch 1.9.0"
| #define PACKAGE_BUGREPORT "ovs-bugs@openvswitch.org"
| #define PACKAGE_URL ""
| #define PACKAGE "openvswitch"
| #define VERSION "1.9.0"
| #define STDC_HEADERS 1
| #define HAVE_SYS_TYPES_H 1
| #define HAVE_SYS_STAT_H 1
| #define HAVE_STDLIB_H 1
| #define HAVE_STRING_H 1
| #define HAVE_MEMORY_H 1
| #define HAVE_STRINGS_H 1
| #define HAVE_INTTYPES_H 1
| #define HAVE_STDINT_H 1
| #define HAVE_UNISTD_H 1
| #define __EXTENSIONS__ 1
| #define _ALL_SOURCE 1
| #define _GNU_SOURCE 1
| #define _POSIX_PTHREAD_SEMANTICS 1
| #define _TANDEM_SOURCE 1
| #define _FILE_OFFSET_BITS 64
| #define HAVE_NETLINK 1
| #define HAVE_IF_PACKET 1
| #define HAVE_STRUCT_STAT_ST_MTIM_TV_NSEC 1
| /* end confdefs.h.  */
| #include <sys/stat.h>
| 
| int
| main ()
| {
| static struct stat ac_aggr;
| if (sizeof ac_aggr.st_mtimensec)
| return 0;
|   ;
|   return 0;
| }
configure:5913: result: no
configure:5927: checking for mlockall
configure:5927: /usr/bin/gcc -o conftest -g3 -gdwarf-2   conftest.c -lrt -lm  >&5
configure:5927: $? = 0
configure:5927: result: yes
configure:5927: checking for strnlen
configure:5927: /usr/bin/gcc -o conftest -g3 -gdwarf-2   conftest.c -lrt -lm  >&5
configure:5927: $? = 0
configure:5927: result: yes
configure:5927: checking for strsignal
configure:5927: /usr/bin/gcc -o conftest -g3 -gdwarf-2   conftest.c -lrt -lm  >&5
configure:5927: $? = 0
configure:5927: result: yes
configure:5927: checking for getloadavg
configure:5927: /usr/bin/gcc -o conftest -g3 -gdwarf-2   conftest.c -lrt -lm  >&5
configure:5927: $? = 0
configure:5927: result: yes
configure:5927: checking for statvfs
configure:5927: /usr/bin/gcc -o conftest -g3 -gdwarf-2   conftest.c -lrt -lm  >&5
configure:5927: $? = 0
configure:5927: result: yes
configure:5927: checking for setmntent
configure:5927: /usr/bin/gcc -o conftest -g3 -gdwarf-2   conftest.c -lrt -lm  >&5
configure:5927: $? = 0
configure:5927: result: yes
configure:5939: checking mntent.h usability
configure:5939: /usr/bin/gcc -c -g3 -gdwarf-2  conftest.c >&5
configure:5939: $? = 0
configure:5939: result: yes
configure:5939: checking mntent.h presence
configure:5939: /usr/bin/gcc -E  conftest.c
configure:5939: $? = 0
configure:5939: result: yes
configure:5939: checking for mntent.h
configure:5939: result: yes
configure:5939: checking sys/statvfs.h usability
configure:5939: /usr/bin/gcc -c -g3 -gdwarf-2  conftest.c >&5
configure:5939: $? = 0
configure:5939: result: yes
configure:5939: checking sys/statvfs.h presence
configure:5939: /usr/bin/gcc -E  conftest.c
configure:5939: $? = 0
configure:5939: result: yes
configure:5939: checking for sys/statvfs.h
configure:5939: result: yes
configure:5939: checking linux/types.h usability
configure:5939: /usr/bin/gcc -c -g3 -gdwarf-2  conftest.c >&5
configure:5939: $? = 0
configure:5939: result: yes
configure:5939: checking linux/types.h presence
configure:5939: /usr/bin/gcc -E  conftest.c
configure:5939: $? = 0
configure:5939: result: yes
configure:5939: checking for linux/types.h
configure:5939: result: yes
configure:5939: checking execinfo.h usability
configure:5939: /usr/bin/gcc -c -g3 -gdwarf-2  conftest.c >&5
configure:5939: $? = 0
configure:5939: result: yes
configure:5939: checking execinfo.h presence
configure:5939: /usr/bin/gcc -E  conftest.c
configure:5939: $? = 0
configure:5939: result: yes
configure:5939: checking for execinfo.h
configure:5939: result: yes
configure:5977: checking for execinfo.h
configure:5977: result: yes
configure:5981: checking for backtrace
configure:5981: /usr/bin/gcc -o conftest -g3 -gdwarf-2   conftest.c -lrt -lm  >&5
configure:5981: $? = 0
configure:5981: result: yes
configure:5993: checking whether libc supports hooks for malloc and related functions
configure:6012: /usr/bin/gcc -c -g3 -gdwarf-2  conftest.c >&5
conftest.c: In function 'main':
conftest.c:46:1: warning: '__malloc_hook' is deprecated (declared at /usr/include/malloc.h:176) [-Wdeprecated-declarations]
conftest.c:47:11: warning: '__realloc_hook' is deprecated (declared at /usr/include/malloc.h:179) [-Wdeprecated-declarations]
conftest.c:48:11: warning: '__free_hook' is deprecated (declared at /usr/include/malloc.h:173) [-Wdeprecated-declarations]
configure:6012: $? = 0
configure:6019: result: yes
configure:6028: checking valgrind/valgrind.h usability
configure:6028: /usr/bin/gcc -c -g3 -gdwarf-2  conftest.c >&5
conftest.c:75:31: fatal error: valgrind/valgrind.h: No such file or directory
compilation terminated.
configure:6028: $? = 1
configure: failed program was:
| /* confdefs.h */
| #define PACKAGE_NAME "openvswitch"
| #define PACKAGE_TARNAME "openvswitch"
| #define PACKAGE_VERSION "1.9.0"
| #define PACKAGE_STRING "openvswitch 1.9.0"
| #define PACKAGE_BUGREPORT "ovs-bugs@openvswitch.org"
| #define PACKAGE_URL ""
| #define PACKAGE "openvswitch"
| #define VERSION "1.9.0"
| #define STDC_HEADERS 1
| #define HAVE_SYS_TYPES_H 1
| #define HAVE_SYS_STAT_H 1
| #define HAVE_STDLIB_H 1
| #define HAVE_STRING_H 1
| #define HAVE_MEMORY_H 1
| #define HAVE_STRINGS_H 1
| #define HAVE_INTTYPES_H 1
| #define HAVE_STDINT_H 1
| #define HAVE_UNISTD_H 1
| #define __EXTENSIONS__ 1
| #define _ALL_SOURCE 1
| #define _GNU_SOURCE 1
| #define _POSIX_PTHREAD_SEMANTICS 1
| #define _TANDEM_SOURCE 1
| #define _FILE_OFFSET_BITS 64
| #define HAVE_NETLINK 1
| #define HAVE_IF_PACKET 1
| #define HAVE_STRUCT_STAT_ST_MTIM_TV_NSEC 1
| #define HAVE_MLOCKALL 1
| #define HAVE_STRNLEN 1
| #define HAVE_STRSIGNAL 1
| #define HAVE_GETLOADAVG 1
| #define HAVE_STATVFS 1
| #define HAVE_SETMNTENT 1
| #define HAVE_MNTENT_H 1
| #define HAVE_SYS_STATVFS_H 1
| #define HAVE_LINUX_TYPES_H 1
| #define HAVE_EXECINFO_H 1
| #define HAVE_BACKTRACE 1
| #define HAVE_MALLOC_HOOKS 1
| /* end confdefs.h.  */
| #include <stdio.h>
| #ifdef HAVE_SYS_TYPES_H
| # include <sys/types.h>
| #endif
| #ifdef HAVE_SYS_STAT_H
| # include <sys/stat.h>
| #endif
| #ifdef STDC_HEADERS
| # include <stdlib.h>
| # include <stddef.h>
| #else
| # ifdef HAVE_STDLIB_H
| #  include <stdlib.h>
| # endif
| #endif
| #ifdef HAVE_STRING_H
| # if !defined STDC_HEADERS && defined HAVE_MEMORY_H
| #  include <memory.h>
| # endif
| # include <string.h>
| #endif
| #ifdef HAVE_STRINGS_H
| # include <strings.h>
| #endif
| #ifdef HAVE_INTTYPES_H
| # include <inttypes.h>
| #endif
| #ifdef HAVE_STDINT_H
| # include <stdint.h>
| #endif
| #ifdef HAVE_UNISTD_H
| # include <unistd.h>
| #endif
| #include <valgrind/valgrind.h>
configure:6028: result: no
configure:6028: checking valgrind/valgrind.h presence
configure:6028: /usr/bin/gcc -E  conftest.c
conftest.c:42:31: fatal error: valgrind/valgrind.h: No such file or directory
compilation terminated.
configure:6028: $? = 1
configure: failed program was:
| /* confdefs.h */
| #define PACKAGE_NAME "openvswitch"
| #define PACKAGE_TARNAME "openvswitch"
| #define PACKAGE_VERSION "1.9.0"
| #define PACKAGE_STRING "openvswitch 1.9.0"
| #define PACKAGE_BUGREPORT "ovs-bugs@openvswitch.org"
| #define PACKAGE_URL ""
| #define PACKAGE "openvswitch"
| #define VERSION "1.9.0"
| #define STDC_HEADERS 1
| #define HAVE_SYS_TYPES_H 1
| #define HAVE_SYS_STAT_H 1
| #define HAVE_STDLIB_H 1
| #define HAVE_STRING_H 1
| #define HAVE_MEMORY_H 1
| #define HAVE_STRINGS_H 1
| #define HAVE_INTTYPES_H 1
| #define HAVE_STDINT_H 1
| #define HAVE_UNISTD_H 1
| #define __EXTENSIONS__ 1
| #define _ALL_SOURCE 1
| #define _GNU_SOURCE 1
| #define _POSIX_PTHREAD_SEMANTICS 1
| #define _TANDEM_SOURCE 1
| #define _FILE_OFFSET_BITS 64
| #define HAVE_NETLINK 1
| #define HAVE_IF_PACKET 1
| #define HAVE_STRUCT_STAT_ST_MTIM_TV_NSEC 1
| #define HAVE_MLOCKALL 1
| #define HAVE_STRNLEN 1
| #define HAVE_STRSIGNAL 1
| #define HAVE_GETLOADAVG 1
| #define HAVE_STATVFS 1
| #define HAVE_SETMNTENT 1
| #define HAVE_MNTENT_H 1
| #define HAVE_SYS_STATVFS_H 1
| #define HAVE_LINUX_TYPES_H 1
| #define HAVE_EXECINFO_H 1
| #define HAVE_BACKTRACE 1
| #define HAVE_MALLOC_HOOKS 1
| /* end confdefs.h.  */
| #include <valgrind/valgrind.h>
configure:6028: result: no
configure:6028: checking for valgrind/valgrind.h
configure:6028: result: no
configure:6038: checking for connect in -lsocket
configure:6063: /usr/bin/gcc -o conftest -g3 -gdwarf-2   conftest.c -lsocket  -lrt -lm  >&5
/usr/bin/ld: cannot find -lsocket
collect2: ld returned 1 exit status
configure:6063: $? = 1
configure: failed program was:
| /* confdefs.h */
| #define PACKAGE_NAME "openvswitch"
| #define PACKAGE_TARNAME "openvswitch"
| #define PACKAGE_VERSION "1.9.0"
| #define PACKAGE_STRING "openvswitch 1.9.0"
| #define PACKAGE_BUGREPORT "ovs-bugs@openvswitch.org"
| #define PACKAGE_URL ""
| #define PACKAGE "openvswitch"
| #define VERSION "1.9.0"
| #define STDC_HEADERS 1
| #define HAVE_SYS_TYPES_H 1
| #define HAVE_SYS_STAT_H 1
| #define HAVE_STDLIB_H 1
| #define HAVE_STRING_H 1
| #define HAVE_MEMORY_H 1
| #define HAVE_STRINGS_H 1
| #define HAVE_INTTYPES_H 1
| #define HAVE_STDINT_H 1
| #define HAVE_UNISTD_H 1
| #define __EXTENSIONS__ 1
| #define _ALL_SOURCE 1
| #define _GNU_SOURCE 1
| #define _POSIX_PTHREAD_SEMANTICS 1
| #define _TANDEM_SOURCE 1
| #define _FILE_OFFSET_BITS 64
| #define HAVE_NETLINK 1
| #define HAVE_IF_PACKET 1
| #define HAVE_STRUCT_STAT_ST_MTIM_TV_NSEC 1
| #define HAVE_MLOCKALL 1
| #define HAVE_STRNLEN 1
| #define HAVE_STRSIGNAL 1
| #define HAVE_GETLOADAVG 1
| #define HAVE_STATVFS 1
| #define HAVE_SETMNTENT 1
| #define HAVE_MNTENT_H 1
| #define HAVE_SYS_STATVFS_H 1
| #define HAVE_LINUX_TYPES_H 1
| #define HAVE_EXECINFO_H 1
| #define HAVE_BACKTRACE 1
| #define HAVE_MALLOC_HOOKS 1
| /* end confdefs.h.  */
| 
| /* Override any GCC internal prototype to avoid an error.
|    Use char because int might match the return type of a GCC
|    builtin and then its argument prototype would still apply.  */
| #ifdef __cplusplus
| extern "C"
| #endif
| char connect ();
| int
| main ()
| {
| return connect ();
|   ;
|   return 0;
| }
configure:6072: result: no
configure:6083: checking for library containing gethostbyname
configure:6114: /usr/bin/gcc -o conftest -g3 -gdwarf-2   conftest.c -lrt -lm  >&5
configure:6114: $? = 0
configure:6131: result: none required
configure:6139: checking for user-defined linker section support
configure:6176: /usr/bin/gcc -o conftest -g3 -gdwarf-2   conftest1.c conftest2.c -lrt -lm  >&5
configure:6185: $? = 0
configure:6207: result: yes
configure:6222: checking XenServer release
configure:6234: result: none
configure:6246: checking for groff
configure:6257: result: yes
configure:6292: checking whether make is GNU make
configure:6298: invoking make --version:
GNU Make 3.81
Copyright (C) 2006  Free Software Foundation, Inc.
This is free software; see the source for copying conditions.
There is NO warranty; not even for MERCHANTABILITY or FITNESS FOR A
PARTICULAR PURPOSE.

This program built for i686-pc-linux-gnu
configure:6309: result: yes
configure:6335: checking whether /usr/bin/gcc accepts -Wall
configure:6353: /usr/bin/gcc -c -g3 -gdwarf-2 -Wall  conftest.c >&5
configure:6353: $? = 0
configure:6361: result: yes
configure:6371: checking whether /usr/bin/gcc accepts -Wno-sign-compare
configure:6389: /usr/bin/gcc -c -g3 -gdwarf-2 -Wno-sign-compare  conftest.c >&5
configure:6389: $? = 0
configure:6397: result: yes
configure:6407: checking whether /usr/bin/gcc accepts -Wpointer-arith
configure:6425: /usr/bin/gcc -c -g3 -gdwarf-2 -Wpointer-arith  conftest.c >&5
configure:6425: $? = 0
configure:6433: result: yes
configure:6443: checking whether /usr/bin/gcc accepts -Wdeclaration-after-statement
configure:6461: /usr/bin/gcc -c -g3 -gdwarf-2 -Wdeclaration-after-statement  conftest.c >&5
configure:6461: $? = 0
configure:6469: result: yes
configure:6479: checking whether /usr/bin/gcc accepts -Wformat-security
configure:6497: /usr/bin/gcc -c -g3 -gdwarf-2 -Wformat-security  conftest.c >&5
configure:6497: $? = 0
configure:6505: result: yes
configure:6515: checking whether /usr/bin/gcc accepts -Wswitch-enum
configure:6533: /usr/bin/gcc -c -g3 -gdwarf-2 -Wswitch-enum  conftest.c >&5
configure:6533: $? = 0
configure:6541: result: yes
configure:6551: checking whether /usr/bin/gcc accepts -Wunused-parameter
configure:6569: /usr/bin/gcc -c -g3 -gdwarf-2 -Wunused-parameter  conftest.c >&5
configure:6569: $? = 0
configure:6577: result: yes
configure:6587: checking whether /usr/bin/gcc accepts -Wstrict-aliasing
configure:6605: /usr/bin/gcc -c -g3 -gdwarf-2 -Wstrict-aliasing  conftest.c >&5
configure:6605: $? = 0
configure:6613: result: yes
configure:6623: checking whether /usr/bin/gcc accepts -Wbad-function-cast
configure:6641: /usr/bin/gcc -c -g3 -gdwarf-2 -Wbad-function-cast  conftest.c >&5
configure:6641: $? = 0
configure:6649: result: yes
configure:6659: checking whether /usr/bin/gcc accepts -Wcast-align
configure:6677: /usr/bin/gcc -c -g3 -gdwarf-2 -Wcast-align  conftest.c >&5
configure:6677: $? = 0
configure:6685: result: yes
configure:6695: checking whether /usr/bin/gcc accepts -Wstrict-prototypes
configure:6713: /usr/bin/gcc -c -g3 -gdwarf-2 -Wstrict-prototypes  conftest.c >&5
conftest.c:45:1: warning: function declaration isn't a prototype [-Wstrict-prototypes]
configure:6713: $? = 0
configure:6721: result: yes
configure:6731: checking whether /usr/bin/gcc accepts -Wold-style-definition
configure:6749: /usr/bin/gcc -c -g3 -gdwarf-2 -Wold-style-definition  conftest.c >&5
conftest.c: In function 'main':
conftest.c:45:1: warning: old-style function definition [-Wold-style-definition]
configure:6749: $? = 0
configure:6757: result: yes
configure:6767: checking whether /usr/bin/gcc accepts -Wmissing-prototypes
configure:6785: /usr/bin/gcc -c -g3 -gdwarf-2 -Wmissing-prototypes  conftest.c >&5
configure:6785: $? = 0
configure:6793: result: yes
configure:6803: checking whether /usr/bin/gcc accepts -Wmissing-field-initializers
configure:6821: /usr/bin/gcc -c -g3 -gdwarf-2 -Wmissing-field-initializers  conftest.c >&5
configure:6821: $? = 0
configure:6829: result: yes
configure:6839: checking whether /usr/bin/gcc accepts -Wno-override-init
configure:6857: /usr/bin/gcc -c -g3 -gdwarf-2 -Wno-override-init  conftest.c >&5
configure:6857: $? = 0
configure:6865: result: yes
configure:6875: checking whether /usr/bin/gcc accepts -Wno-unused
configure:6893: /usr/bin/gcc -c -g3 -gdwarf-2 -Wno-unused  conftest.c >&5
configure:6893: $? = 0
configure:6901: result: yes
configure:6918: checking whether /usr/bin/gcc accepts -Wno-unused-parameter
configure:6936: /usr/bin/gcc -c -g3 -gdwarf-2 -Wno-unused-parameter  conftest.c >&5
configure:6936: $? = 0
configure:6944: result: yes
configure:6968: checking target hint for cgcc
configure:6982: result: x86
configure:6994: checking whether make has GNU make $(if) extension
configure:7005: invoking make -f conftest.mk all:
echo y > conftest.out
configure:7007: conftest.out contains:
y
configure:7017: result: yes
configure:8351: creating ./config.status

## ---------------------- ##
## Running config.status. ##
## ---------------------- ##

This file was extended by openvswitch config.status 1.9.0, which was
generated by GNU Autoconf 2.68.  Invocation command line was

  CONFIG_FILES    = 
  CONFIG_HEADERS  = 
  CONFIG_LINKS    = 
  CONFIG_COMMANDS = 
  $ ./config.status 

on alessandra

config.status:951: creating Makefile
config.status:951: creating datapath/Makefile
config.status:951: creating datapath/linux/Kbuild
config.status:951: creating datapath/linux/Makefile
config.status:951: creating datapath/linux/Makefile.main
config.status:951: creating tests/atlocal
config.status:951: creating config.h
config.status:1180: executing tests/atconfig commands
config.status:1180: executing depfiles commands
config.status:1180: executing include/openflow/openflow.h.stamp commands
config.status:1180: executing ovsdb/ovsdbmonitor/dummy commands
config.status:1180: executing utilities/bugtool/dummy commands

## ---------------- ##
## Cache variables. ##
## ---------------- ##

ac_cv_c_bigendian=no
ac_cv_c_compiler_gnu=yes
ac_cv_env_CC_set=set
ac_cv_env_CC_value=/usr/bin/gcc
ac_cv_env_CFLAGS_set=set
ac_cv_env_CFLAGS_value='-g3 -gdwarf-2'
ac_cv_env_CPPFLAGS_set=
ac_cv_env_CPPFLAGS_value=
ac_cv_env_CPP_set=
ac_cv_env_CPP_value=
ac_cv_env_KARCH_set=
ac_cv_env_KARCH_value=
ac_cv_env_LDFLAGS_set=
ac_cv_env_LDFLAGS_value=
ac_cv_env_LIBS_set=
ac_cv_env_LIBS_value=
ac_cv_env_PERL_set=
ac_cv_env_PERL_value=
ac_cv_env_PKG_CONFIG_LIBDIR_set=
ac_cv_env_PKG_CONFIG_LIBDIR_value=
ac_cv_env_PKG_CONFIG_PATH_set=
ac_cv_env_PKG_CONFIG_PATH_value=
ac_cv_env_PKG_CONFIG_set=
ac_cv_env_PKG_CONFIG_value=
ac_cv_env_SSL_CFLAGS_set=
ac_cv_env_SSL_CFLAGS_value=
ac_cv_env_SSL_LIBS_set=
ac_cv_env_SSL_LIBS_value=
ac_cv_env_build_alias_set=
ac_cv_env_build_alias_value=
ac_cv_env_host_alias_set=
ac_cv_env_host_alias_value=
ac_cv_env_target_alias_set=
ac_cv_env_target_alias_value=
ac_cv_func_backtrace=yes
ac_cv_func_getloadavg=yes
ac_cv_func_mlockall=yes
ac_cv_func_setmntent=yes
ac_cv_func_statvfs=yes
ac_cv_func_strnlen=yes
ac_cv_func_strsignal=yes
ac_cv_header_execinfo_h=yes
ac_cv_header_inttypes_h=yes
ac_cv_header_linux_netlink_h=yes
ac_cv_header_linux_types_h=yes
ac_cv_header_memory_h=yes
ac_cv_header_minix_config_h=no
ac_cv_header_mntent_h=yes
ac_cv_header_net_if_dl_h=no
ac_cv_header_net_if_packet_h=yes
ac_cv_header_stdc=yes
ac_cv_header_stdint_h=yes
ac_cv_header_stdlib_h=yes
ac_cv_header_string_h=yes
ac_cv_header_strings_h=yes
ac_cv_header_sys_stat_h=yes
ac_cv_header_sys_statvfs_h=yes
ac_cv_header_sys_types_h=yes
ac_cv_header_unistd_h=yes
ac_cv_header_valgrind_valgrind_h=no
ac_cv_header_vmware_h=no
ac_cv_lib_socket_connect=no
ac_cv_member_struct_stat_st_mtim_tv_nsec=yes
ac_cv_member_struct_stat_st_mtimensec=no
ac_cv_objext=o
ac_cv_path_EGREP='/bin/grep -E'
ac_cv_path_FGREP='/bin/grep -F'
ac_cv_path_GREP=/bin/grep
ac_cv_path_PERL=/usr/bin/perl
ac_cv_path_ac_pt_PKG_CONFIG=/usr/bin/pkg-config
ac_cv_path_install='/usr/bin/install -c'
ac_cv_path_mkdir=/bin/mkdir
ac_cv_prog_AWK=gawk
ac_cv_prog_CPP='/usr/bin/gcc -E'
ac_cv_prog_ac_ct_CC=/usr/bin/gcc
ac_cv_prog_ac_ct_RANLIB=ranlib
ac_cv_prog_cc__usr_bin_gcc_c_o=yes
ac_cv_prog_cc_c89=
ac_cv_prog_cc_g=yes
ac_cv_prog_make_make_set=yes
ac_cv_safe_to_define___extensions__=yes
ac_cv_search_clock_gettime=-lrt
ac_cv_search_gethostbyname='none required'
ac_cv_search_pcap_open_live=no
ac_cv_search_pow=-lm
ac_cv_search_timer_create='none required'
ac_cv_sparse_target=x86
ac_cv_sys_file_offset_bits=64
ac_cv_sys_largefile_CC=no
am_cv_CC_dependencies_compiler_type=gcc3
ovs_cv__Wall=yes
ovs_cv__Wbad_function_cast=yes
ovs_cv__Wcast_align=yes
ovs_cv__Wdeclaration_after_statement=yes
ovs_cv__Wformat_security=yes
ovs_cv__Wmissing_field_initializers=yes
ovs_cv__Wmissing_prototypes=yes
ovs_cv__Wno_override_init=yes
ovs_cv__Wno_sign_compare=yes
ovs_cv__Wno_unused=yes
ovs_cv__Wno_unused_parameter=yes
ovs_cv__Wold_style_definition=yes
ovs_cv__Wpointer_arith=yes
ovs_cv__Wstrict_aliasing=yes
ovs_cv__Wstrict_prototypes=yes
ovs_cv__Wswitch_enum=yes
ovs_cv__Wunused_parameter=yes
ovs_cv_dot=no
ovs_cv_gnu_make=yes
ovs_cv_gnu_make_if=yes
ovs_cv_groff=yes
ovs_cv_malloc_hooks=yes
ovs_cv_py_PyQt4_QtCore=no
ovs_cv_py_PySide_QtCore=no
ovs_cv_py_json=yes
ovs_cv_py_twisted_application=yes
ovs_cv_py_twisted_conch_ssh=no
ovs_cv_py_twisted_internet=yes
ovs_cv_py_zope_interface=yes
ovs_cv_python=/usr/bin/python
ovs_cv_pyuic4=no
ovs_cv_strtok_r_bug=no
ovs_cv_use_linker_sections=yes
ovs_cv_xsversion=none

## ----------------- ##
## Output variables. ##
## ----------------- ##

ACLOCAL='${SHELL} /home/alessandra/NetBeansProjects/openvswitch-1.9.0/build-aux/missing --run aclocal-1.11'
AMDEPBACKSLASH='\'
AMDEP_FALSE='#'
AMDEP_TRUE=''
AMTAR='${SHELL} /home/alessandra/NetBeansProjects/openvswitch-1.9.0/build-aux/missing --run tar'
AUTOCONF='${SHELL} /home/alessandra/NetBeansProjects/openvswitch-1.9.0/build-aux/missing --run autoconf'
AUTOHEADER='${SHELL} /home/alessandra/NetBeansProjects/openvswitch-1.9.0/build-aux/missing --run autoheader'
AUTOM4TE='${SHELL} /home/alessandra/NetBeansProjects/openvswitch-1.9.0/build-aux/missing --run autom4te'
AUTOMAKE='${SHELL} /home/alessandra/NetBeansProjects/openvswitch-1.9.0/build-aux/missing --run automake-1.11'
AWK='gawk'
BUILD_BRCOMPAT='yes'
BUILD_BRCOMPAT_FALSE='#'
BUILD_BRCOMPAT_TRUE=''
BUILD_OVSDBMONITOR_FALSE=''
BUILD_OVSDBMONITOR_TRUE='#'
CC='$(if $(C),REAL_CC="/usr/bin/gcc" CHECK="$(SPARSE) -I $(top_srcdir)/include/sparse $(SPARSEFLAGS)" cgcc $(CGCCFLAGS),/usr/bin/gcc)'
CCDEPMODE='depmode=gcc3'
CFLAGS='-g3 -gdwarf-2'
CGCCFLAGS='-target=i86'
CPP='/usr/bin/gcc -E'
CPPFLAGS=''
CYGPATH_W='echo'
DBDIR='${sysconfdir}/${PACKAGE}'
DEFS='-DHAVE_CONFIG_H'
DEPDIR='.deps'
ECHO_C=''
ECHO_N='-n'
ECHO_T=''
EGREP='/bin/grep -E'
ESX_FALSE=''
ESX_TRUE='#'
EXEEXT=''
FGREP='/bin/grep -F'
GNU_MAKE_FALSE='#'
GNU_MAKE_TRUE=''
GREP='/bin/grep'
HAVE_DOT_FALSE=''
HAVE_DOT_TRUE='#'
HAVE_GROFF_FALSE='#'
HAVE_GROFF_TRUE=''
HAVE_IF_DL_FALSE=''
HAVE_IF_DL_TRUE='#'
HAVE_IF_PACKET_FALSE='#'
HAVE_IF_PACKET_TRUE=''
HAVE_NETLINK_FALSE='#'
HAVE_NETLINK_TRUE=''
HAVE_OPENSSL='no'
HAVE_OPENSSL_FALSE=''
HAVE_OPENSSL_TRUE='#'
HAVE_PYTHON='yes'
HAVE_PYTHON_FALSE='#'
HAVE_PYTHON_TRUE=''
HAVE_WNO_UNUSED_FALSE='#'
HAVE_WNO_UNUSED_PARAMETER_FALSE='#'
HAVE_WNO_UNUSED_PARAMETER_TRUE=''
HAVE_WNO_UNUSED_TRUE=''
INSTALL_DATA='${INSTALL} -m 644'
INSTALL_PROGRAM='${INSTALL}'
INSTALL_SCRIPT='${INSTALL}'
INSTALL_STRIP_PROGRAM='$(install_sh) -c -s'
KARCH=''
KBUILD=''
LDFLAGS=''
LIBOBJS=''
LIBS='-lrt -lm '
LINUX_DATAPATH_FALSE='#'
LINUX_DATAPATH_TRUE=''
LINUX_ENABLED_FALSE=''
LINUX_ENABLED_TRUE='#'
LOGDIR='${localstatedir}/log/${PACKAGE}'
LTLIBOBJS=''
MAKEINFO='${SHELL} /home/alessandra/NetBeansProjects/openvswitch-1.9.0/build-aux/missing --run makeinfo'
MKDIR_P='/bin/mkdir -p'
NDEBUG_FALSE=''
NDEBUG_TRUE='#'
OBJEXT='o'
PACKAGE='openvswitch'
PACKAGE_BUGREPORT='ovs-bugs@openvswitch.org'
PACKAGE_NAME='openvswitch'
PACKAGE_STRING='openvswitch 1.9.0'
PACKAGE_TARNAME='openvswitch'
PACKAGE_URL=''
PACKAGE_VERSION='1.9.0'
PATH_SEPARATOR=':'
PERL='/usr/bin/perl'
PKG_CONFIG='/usr/bin/pkg-config'
PKG_CONFIG_LIBDIR=''
PKG_CONFIG_PATH=''
PKIDIR='${localstatedir}/lib/openvswitch/pki'
PYTHON='/usr/bin/python'
PYUIC4='${SHELL} /home/alessandra/NetBeansProjects/openvswitch-1.9.0/build-aux/missing --run pyuic4'
RANLIB='ranlib'
RUNDIR='${localstatedir}/run/openvswitch'
SET_MAKE=''
SHELL='/bin/bash'
SPARSE='sparse'
SPARSEFLAGS=''
SSL_CFLAGS=''
SSL_LIBS=''
STRIP=''
USE_LINKER_SECTIONS_FALSE='#'
USE_LINKER_SECTIONS_TRUE=''
VERSION='1.9.0'
WARNING_FLAGS=' -Wall -Wno-sign-compare -Wpointer-arith -Wdeclaration-after-statement -Wformat-security -Wswitch-enum -Wunused-parameter -Wstrict-aliasing -Wbad-function-cast -Wcast-align -Wstrict-prototypes -Wold-style-definition -Wmissing-prototypes -Wmissing-field-initializers -Wno-override-init'
ac_ct_CC='/usr/bin/gcc'
am__EXEEXT_FALSE=''
am__EXEEXT_TRUE='#'
am__fastdepCC_FALSE='#'
am__fastdepCC_TRUE=''
am__include='include'
am__isrc=''
am__leading_dot='.'
am__quote=''
am__tar='${AMTAR} chof - "$$tardir"'
am__untar='${AMTAR} xf -'
bindir='${exec_prefix}/bin'
build_alias=''
datadir='${datarootdir}'
datarootdir='${prefix}/share'
docdir='${datarootdir}/doc/${PACKAGE_TARNAME}'
dvidir='${docdir}'
exec_prefix='${prefix}'
host_alias=''
htmldir='${docdir}'
includedir='${prefix}/include'
infodir='${datarootdir}/info'
install_sh='${SHELL} /home/alessandra/NetBeansProjects/openvswitch-1.9.0/build-aux/install-sh'
libdir='${exec_prefix}/lib'
libexecdir='${exec_prefix}/libexec'
localedir='${datarootdir}/locale'
localstatedir='${prefix}/var'
mandir='${datarootdir}/man'
mkdir_p='/bin/mkdir -p'
oldincludedir='/usr/include'
pdfdir='${docdir}'
prefix='/usr/local'
program_transform_name='s,x,x,'
psdir='${docdir}'
sbindir='${exec_prefix}/sbin'
sharedstatedir='${prefix}/com'
sysconfdir='${prefix}/etc'
target_alias=''

## ----------- ##
## confdefs.h. ##
## ----------- ##

/* confdefs.h */
#define PACKAGE_NAME "openvswitch"
#define PACKAGE_TARNAME "openvswitch"
#define PACKAGE_VERSION "1.9.0"
#define PACKAGE_STRING "openvswitch 1.9.0"
#define PACKAGE_BUGREPORT "ovs-bugs@openvswitch.org"
#define PACKAGE_URL ""
#define PACKAGE "openvswitch"
#define VERSION "1.9.0"
#define STDC_HEADERS 1
#define HAVE_SYS_TYPES_H 1
#define HAVE_SYS_STAT_H 1
#define HAVE_STDLIB_H 1
#define HAVE_STRING_H 1
#define HAVE_MEMORY_H 1
#define HAVE_STRINGS_H 1
#define HAVE_INTTYPES_H 1
#define HAVE_STDINT_H 1
#define HAVE_UNISTD_H 1
#define __EXTENSIONS__ 1
#define _ALL_SOURCE 1
#define _GNU_SOURCE 1
#define _POSIX_PTHREAD_SEMANTICS 1
#define _TANDEM_SOURCE 1
#define _FILE_OFFSET_BITS 64
#define HAVE_NETLINK 1
#define HAVE_IF_PACKET 1
#define HAVE_STRUCT_STAT_ST_MTIM_TV_NSEC 1
#define HAVE_MLOCKALL 1
#define HAVE_STRNLEN 1
#define HAVE_STRSIGNAL 1
#define HAVE_GETLOADAVG 1
#define HAVE_STATVFS 1
#define HAVE_SETMNTENT 1
#define HAVE_MNTENT_H 1
#define HAVE_SYS_STATVFS_H 1
#define HAVE_LINUX_TYPES_H 1
#define HAVE_EXECINFO_H 1
#define HAVE_BACKTRACE 1
#define HAVE_MALLOC_HOOKS 1
#define USE_LINKER_SECTIONS 1
#define LINUX_DATAPATH 1

configure: exit 0
